Running MiniSat on FULL_RUN_MINISAT\2a15a30186afdad41a49c5c5366d01be-Timetable_C_392_E_62_Cl_26_S_28.cnf... 
============================[ Problem Statistics ]=============================
|                                                                             |
|  Number of variables:        282525                                         |
|  Number of clauses:         1743751                                         |
|  Parse time:                   2.91 s                                       |
|                                                                             |
============================[ Search Statistics ]==============================
| Conflicts |          ORIGINAL         |          LEARNT          | Progress |
|           |    Vars  Clauses Literals |    Limit  Clauses Lit/Cl |          |
===============================================================================
|       100 |  279555  1742479  4882020 |   638908       96      9 |  1.051 % |
|       250 |  279553  1742479  4882020 |   702799      244      7 |  1.052 % |
|       475 |  279553  1742467  4881992 |   773079      465     13 |  1.052 % |
|       812 |  279552  1742467  4881992 |   850387      801     16 |  1.052 % |
|      1318 |  279548  1742461  4881980 |   935426     1303     18 |  1.054 % |
|      2077 |  279545  1742461  4881980 |  1028969     2060     27 |  1.055 % |
|      3216 |  279545  1742451  4881956 |  1131866     3192     80 |  1.055 % |
|      4924 |  279544  1742449  4881951 |  1245052     4898     62 |  1.055 % |
|      7486 |  279543  1742447  4881946 |  1369558     7459     49 |  1.055 % |
Timeout reached. Terminating MiniSat... 
Finished MiniSat on FULL_RUN_MINISAT\31e788a12ddc8b43ec20e77d53abaa23-pcmax-scheduling-m40-26287-324155-SAT.sanitized.cnf 
